  GSIntro.cpp
  GSPlay.cpp
D:\Intern-Summer-GL\intern-summer\week3_t6_MiniGameStarter\TrainingFramework\src\GameStates\GSPlay.cpp(43,27): warning C4244: '=': conversion from 'double' to 'int', possible loss of data
D:\Intern-Summer-GL\intern-summer\week3_t6_MiniGameStarter\TrainingFramework\src\GameStates\GSPlay.cpp(76,45): warning C4244: 'argument': conversion from 'int' to 'GLfloat', possible loss of data
D:\Intern-Summer-GL\intern-summer\week3_t6_MiniGameStarter\TrainingFramework\src\GameStates\GSPlay.cpp(76,29): warning C4244: 'argument': conversion from 'int' to 'GLfloat', possible loss of data
D:\Intern-Summer-GL\intern-summer\week3_t6_MiniGameStarter\TrainingFramework\src\GameStates\GSPlay.cpp(80,45): warning C4244: 'argument': conversion from 'int' to 'GLfloat', possible loss of data
D:\Intern-Summer-GL\intern-summer\week3_t6_MiniGameStarter\TrainingFramework\src\GameStates\GSPlay.cpp(80,29): warning C4244: 'argument': conversion from 'int' to 'GLfloat', possible loss of data
D:\Intern-Summer-GL\intern-summer\week3_t6_MiniGameStarter\TrainingFramework\src\GameStates\GSPlay.cpp(84,45): warning C4244: 'argument': conversion from 'int' to 'GLfloat', possible loss of data
D:\Intern-Summer-GL\intern-summer\week3_t6_MiniGameStarter\TrainingFramework\src\GameStates\GSPlay.cpp(84,29): warning C4244: 'argument': conversion from 'int' to 'GLfloat', possible loss of data
D:\Intern-Summer-GL\intern-summer\week3_t6_MiniGameStarter\TrainingFramework\src\GameStates\GSPlay.cpp(89,60): warning C4244: 'argument': conversion from 'int' to 'GLfloat', possible loss of data
D:\Intern-Summer-GL\intern-summer\week3_t6_MiniGameStarter\TrainingFramework\src\GameStates\GSPlay.cpp(89,28): warning C4244: 'argument': conversion from 'int' to 'GLfloat', possible loss of data
D:\Intern-Summer-GL\intern-summer\week3_t6_MiniGameStarter\TrainingFramework\src\GameStates\GSPlay.cpp(93,60): warning C4244: 'argument': conversion from 'int' to 'GLfloat', possible loss of data
D:\Intern-Summer-GL\intern-summer\week3_t6_MiniGameStarter\TrainingFramework\src\GameStates\GSPlay.cpp(93,28): warning C4244: 'argument': conversion from 'int' to 'GLfloat', possible loss of data
D:\Intern-Summer-GL\intern-summer\week3_t6_MiniGameStarter\TrainingFramework\src\GameStates\GSPlay.cpp(97,60): warning C4244: 'argument': conversion from 'int' to 'GLfloat', possible loss of data
D:\Intern-Summer-GL\intern-summer\week3_t6_MiniGameStarter\TrainingFramework\src\GameStates\GSPlay.cpp(97,28): warning C4244: 'argument': conversion from 'int' to 'GLfloat', possible loss of data
D:\Intern-Summer-GL\intern-summer\week3_t6_MiniGameStarter\TrainingFramework\src\GameStates\GSPlay.cpp(143,24): warning C4244: 'argument': conversion from 'int' to 'GLfloat', possible loss of data
D:\Intern-Summer-GL\intern-summer\week3_t6_MiniGameStarter\TrainingFramework\src\GameStates\GSPlay.cpp(259,37): warning C4244: 'argument': conversion from 'int' to 'float', possible loss of data
D:\Intern-Summer-GL\intern-summer\week3_t6_MiniGameStarter\TrainingFramework\src\GameStates\GSPlay.cpp(271,37): warning C4244: 'argument': conversion from 'int' to 'float', possible loss of data
D:\Intern-Summer-GL\intern-summer\week3_t6_MiniGameStarter\TrainingFramework\src\GameStates\GSPlay.cpp(283,37): warning C4244: 'argument': conversion from 'int' to 'float', possible loss of data
D:\Intern-Summer-GL\intern-summer\week3_t6_MiniGameStarter\TrainingFramework\src\GameStates\GSPlay.cpp(358,17): warning C4305: '-=': truncation from 'double' to 'float'
D:\Intern-Summer-GL\intern-summer\week3_t6_MiniGameStarter\TrainingFramework\src\GameStates\GSPlay.cpp(359,26): warning C4244: 'argument': conversion from 'int' to 'GLfloat', possible loss of data
D:\Intern-Summer-GL\intern-summer\week3_t6_MiniGameStarter\TrainingFramework\src\GameStates\GSPlay.cpp(364,17): warning C4305: '+=': truncation from 'double' to 'float'
D:\Intern-Summer-GL\intern-summer\week3_t6_MiniGameStarter\TrainingFramework\src\GameStates\GSPlay.cpp(366,26): warning C4244: 'argument': conversion from 'int' to 'GLfloat', possible loss of data
C:\Program Files (x86)\Microsoft Visual Studio\2019\Community\VC\Tools\MSVC\14.29.30037\include\xutility(158,77): warning C4244: 'argument': conversion from '_Ty' to 'float', possible loss of data
          with
          [
              _Ty=double
          ]
C:\Program Files (x86)\Microsoft Visual Studio\2019\Community\VC\Tools\MSVC\14.29.30037\include\memory(2029): message : see reference to function template instantiation 'void std::_Construct_in_place<_Ty,std::shared_ptr<Shader>&,std::shared_ptr<Font>&,std::basic_string<char,std::char_traits<char>,std::allocator<char>>,TextColor,double>(_Ty &,std::shared_ptr<Shader> &,std::shared_ptr<Font> &,std::basic_string<char,std::char_traits<char>,std::allocator<char>> &&,TextColor &&,double &&) noexcept(false)' being compiled
          with
          [
              _Ty=Text
          ]
C:\Program Files (x86)\Microsoft Visual Studio\2019\Community\VC\Tools\MSVC\14.29.30037\include\memory(2748): message : see reference to function template instantiation 'std::_Ref_count_obj2<_Ty>::_Ref_count_obj2<std::shared_ptr<Shader>&,std::shared_ptr<Font>&,std::basic_string<char,std::char_traits<char>,std::allocator<char>>,TextColor,double>(std::shared_ptr<Shader> &,std::shared_ptr<Font> &,std::basic_string<char,std::char_traits<char>,std::allocator<char>> &&,TextColor &&,double &&)' being compiled
          with
          [
              _Ty=Text
          ]
C:\Program Files (x86)\Microsoft Visual Studio\2019\Community\VC\Tools\MSVC\14.29.30037\include\memory(2748): message : see reference to function template instantiation 'std::_Ref_count_obj2<_Ty>::_Ref_count_obj2<std::shared_ptr<Shader>&,std::shared_ptr<Font>&,std::basic_string<char,std::char_traits<char>,std::allocator<char>>,TextColor,double>(std::shared_ptr<Shader> &,std::shared_ptr<Font> &,std::basic_string<char,std::char_traits<char>,std::allocator<char>> &&,TextColor &&,double &&)' being compiled
          with
          [
              _Ty=Text
          ]
D:\Intern-Summer-GL\intern-summer\week3_t6_MiniGameStarter\TrainingFramework\src\GameStates\GSPlay.cpp(136): message : see reference to function template instantiation 'std::shared_ptr<Text> std::make_shared<Text,std::shared_ptr<Shader>&,std::shared_ptr<Font>&,std::basic_string<char,std::char_traits<char>,std::allocator<char>>,TextColor,double>(std::shared_ptr<Shader> &,std::shared_ptr<Font> &,std::basic_string<char,std::char_traits<char>,std::allocator<char>> &&,TextColor &&,double &&)' being compiled
  GSScore.cpp
D:\Intern-Summer-GL\intern-summer\week3_t6_MiniGameStarter\TrainingFramework\src\GameStates\GSScore.cpp(30,27): warning C4244: '=': conversion from 'double' to 'int', possible loss of data
  Generating code
  11 of 1741 functions ( 0.6%) were compiled, the rest were copied from previous compilation.
    0 functions were new in current compilation
    77 functions had inline decision re-evaluated but remain unchanged
  Finished generating code
  TrainingFramework.vcxproj -> D:\Intern-Summer-GL\intern-summer\week3_t6_MiniGameStarter\BIN-Angle\TrainingFramework.exe
