d:\intern-summer-gl\week2_t6\week2_t6\debug\vc142.pdb
d:\intern-summer-gl\week2_t6\week2_t6\debug\vc142.idb
d:\intern-summer-gl\week2_t6\week2_t6\debug\struct_position.obj
d:\intern-summer-gl\week2_t6\week2_t6\debug\main.obj
d:\intern-summer-gl\week2_t6\week2_t6\debug\class_tree.obj
d:\intern-summer-gl\week2_t6\week2_t6\debug\class_staticobject.obj
d:\intern-summer-gl\week2_t6\week2_t6\debug\class_motorbike.obj
d:\intern-summer-gl\week2_t6\week2_t6\debug\class_house.obj
d:\intern-summer-gl\week2_t6\week2_t6\debug\class_dynamicobject.obj
d:\intern-summer-gl\week2_t6\week2_t6\debug\class_car.obj
d:\intern-summer-gl\week2_t6\week2_t6\debug\class_baseobject.obj
d:\intern-summer-gl\week2_t6\week2_t6\debug\week2_t6.ilk
d:\intern-summer-gl\week2_t6\debug\week2_t6.exe
d:\intern-summer-gl\week2_t6\debug\week2_t6.pdb
d:\intern-summer-gl\week2_t6\week2_t6\debug\week2_t6.tlog\cl.command.1.tlog
d:\intern-summer-gl\week2_t6\week2_t6\debug\week2_t6.tlog\cl.read.1.tlog
d:\intern-summer-gl\week2_t6\week2_t6\debug\week2_t6.tlog\cl.write.1.tlog
d:\intern-summer-gl\week2_t6\week2_t6\debug\week2_t6.tlog\link.command.1.tlog
d:\intern-summer-gl\week2_t6\week2_t6\debug\week2_t6.tlog\link.read.1.tlog
d:\intern-summer-gl\week2_t6\week2_t6\debug\week2_t6.tlog\link.write.1.tlog
