d:\intern-summer-gl\intern-summer\week3_t6_minigamestarter\trainingframework\debug-angle\vc142.pdb
d:\intern-summer-gl\intern-summer\week3_t6_minigamestarter\trainingframework\debug-angle\vc142.idb
d:\intern-summer-gl\intern-summer\week3_t6_minigamestarter\trainingframework\debug-angle\trainingframework.obj
d:\intern-summer-gl\intern-summer\week3_t6_minigamestarter\trainingframework\debug-angle\gsplay.obj
d:\intern-summer-gl\intern-summer\week3_t6_minigamestarter\trainingframework\debug-angle\gsmenu.obj
d:\intern-summer-gl\intern-summer\week3_t6_minigamestarter\trainingframework\debug-angle\gsintro.obj
d:\intern-summer-gl\intern-summer\week3_t6_minigamestarter\trainingframework\debug-angle\gamestatemachine.obj
d:\intern-summer-gl\intern-summer\week3_t6_minigamestarter\trainingframework\debug-angle\gamestatebase.obj
d:\intern-summer-gl\intern-summer\week3_t6_minigamestarter\trainingframework\debug-angle\texture.obj
d:\intern-summer-gl\intern-summer\week3_t6_minigamestarter\trainingframework\debug-angle\text.obj
d:\intern-summer-gl\intern-summer\week3_t6_minigamestarter\trainingframework\debug-angle\shader.obj
d:\intern-summer-gl\intern-summer\week3_t6_minigamestarter\trainingframework\debug-angle\model.obj
d:\intern-summer-gl\intern-summer\week3_t6_minigamestarter\trainingframework\debug-angle\sprite3d.obj
d:\intern-summer-gl\intern-summer\week3_t6_minigamestarter\trainingframework\debug-angle\camera.obj
d:\intern-summer-gl\intern-summer\week3_t6_minigamestarter\trainingframework\debug-angle\sprite2d.obj
d:\intern-summer-gl\intern-summer\week3_t6_minigamestarter\trainingframework\debug-angle\gamebutton.obj
d:\intern-summer-gl\intern-summer\week3_t6_minigamestarter\trainingframework\debug-angle\font.obj
d:\intern-summer-gl\intern-summer\week3_t6_minigamestarter\trainingframework\debug-angle\resourcemanagers.obj
d:\intern-summer-gl\intern-summer\week3_t6_minigamestarter\trainingframework\debug-angle\application.obj
d:\intern-summer-gl\intern-summer\week3_t6_minigamestarter\trainingframework\debug-angle\gscredit.obj
d:\intern-summer-gl\intern-summer\week3_t6_minigamestarter\trainingframework\debug-angle\trainingframework.ilk
d:\intern-summer-gl\intern-summer\week3_t6_minigamestarter\bin-angle\trainingframework.exe
d:\intern-summer-gl\intern-summer\week3_t6_minigamestarter\bin-angle\trainingframework.pdb
d:\intern-summer-gl\intern-summer\week3_t6_minigamestarter\\bin-angle\trainingframework.pdb
d:\intern-summer-gl\intern-summer\week3_t6_minigamestarter\trainingframework\debug-angle\training.fc024ec8.tlog\cl.command.1.tlog
d:\intern-summer-gl\intern-summer\week3_t6_minigamestarter\trainingframework\debug-angle\training.fc024ec8.tlog\cl.read.1.tlog
d:\intern-summer-gl\intern-summer\week3_t6_minigamestarter\trainingframework\debug-angle\training.fc024ec8.tlog\cl.write.1.tlog
d:\intern-summer-gl\intern-summer\week3_t6_minigamestarter\trainingframework\debug-angle\training.fc024ec8.tlog\link.command.1.tlog
d:\intern-summer-gl\intern-summer\week3_t6_minigamestarter\trainingframework\debug-angle\training.fc024ec8.tlog\link.read.1.tlog
d:\intern-summer-gl\intern-summer\week3_t6_minigamestarter\trainingframework\debug-angle\training.fc024ec8.tlog\link.write.1.tlog
